<?xml version="1.0" encoding="UTF-8"?>
<!-- Generated by org.testng.reporters.JUnitReportReporter -->
<testsuite hostname="LAPTOP-M8MQ6N07" failures="0" tests="1" name="com.amazon.testscript.AddingItemsToCart" time="3.097" errors="0" timestamp="2024-03-25T08:09:16 IST" skipped="0">
  <testcase classname="com.amazon.testscript.AddingItemsToCart" name="addItems" time="3.097"/>
</testsuite> <!-- com.amazon.testscript.AddingItemsToCart -->
