<?xml version="1.0" encoding="UTF-8"?>
<!-- Generated by org.testng.reporters.JUnitReportReporter -->
<testsuite hostname="LAPTOP-M8MQ6N07" failures="0" tests="1" name="com.amazon.testscript.AddingItemsToCart" time="2.604" errors="0" timestamp="2024-03-24T12:12:04 IST" skipped="0">
  <testcase classname="com.amazon.testscript.AddingItemsToCart" name="addItems" time="2.604"/>
</testsuite> <!-- com.amazon.testscript.AddingItemsToCart -->
